# JRE version: OpenJDK Runtime Environment Temurin-19.0.2+7 (19.0.2+7) (build 19.0.2+7)
# Java VM: OpenJDK 64-Bit Server VM Temurin-19.0.2+7 (19.0.2+7, mixed mode, sharing, tiered, compressed oops, compressed class ptrs, g1 gc, windows-amd64)
GC Precious Log:
 CardTable entry size: 512
 Card Set container configuration: InlinePtr #cards 5 size 8 Array Of Cards #cards 12 size 40 Howl #buckets 4 coarsen threshold 1843 Howl Bitmap #cards 512 size 80 coarsen threshold 460 Card regions per heap region 1 cards per card region 2048
 CPUs: 8 total, 8 available
 Memory: 7502M
 Large Page Support: Disabled
 NUMA Support: Disabled
 Compressed Oops: Enabled (32-bit)
 Heap Region Size: 1M
 Heap Min Capacity: 8M
 Heap Initial Capacity: 118M
 Heap Max Capacity: 1G
 Pre-touch: Disabled
 Parallel Workers: 8
 Concurrent Workers: 2
 Concurrent Refinement Workers: 8
 Periodic GC: Disabled
 String Deduplication is enabled
Heap:
 garbage-first heap   total 194560K, used 114202K [0x00000000c0000000, 0x0000000100000000)
  region size 1024K, 52 young (53248K), 2 survivors (2048K)
 Metaspace       used 27580K, committed 28352K, reserved 1114112K
  class space    used 2719K, committed 3072K, reserved 1048576K
GC Heap History (20 events):
Event: 56.944 GC heap before
{Heap before GC invocations=60 (full 0):
 garbage-first heap   total 193536K, used 151379K [0x00000000c0000000, 0x0000000100000000)
  region size 1024K, 98 young (100352K), 15 survivors (15360K)
 Metaspace       used 24065K, committed 24768K, reserved 1114112K
  class space    used 2462K, committed 2816K, reserved 1048576K
}
Event: 56.966 GC heap after
{Heap after GC invocations=61 (full 0):
 garbage-first heap   total 193536K, used 69660K [0x00000000c0000000, 0x0000000100000000)
  region size 1024K, 4 young (4096K), 4 survivors (4096K)
 Metaspace       used 24065K, committed 24768K, reserved 1114112K
  class space    used 2462K, committed 2816K, reserved 1048576K
}
Event: 74.630 GC heap before
{Heap before GC invocations=61 (full 0):
 garbage-first heap   total 193536K, used 152604K [0x00000000c0000000, 0x0000000100000000)
  region size 1024K, 86 young (88064K), 4 survivors (4096K)
 Metaspace       used 25611K, committed 26304K, reserved 1114112K
  class space    used 2556K, committed 2880K, reserved 1048576K
}
Event: 74.642 GC heap after
{Heap after GC invocations=62 (full 0):
 garbage-first heap   total 193536K, used 72482K [0x00000000c0000000, 0x0000000100000000)
  region size 1024K, 7 young (7168K), 7 survivors (7168K)
 Metaspace       used 25611K, committed 26304K, reserved 1114112K
  class space    used 2556K, committed 2880K, reserved 1048576K
}
Event: 90.783 GC heap before
{Heap before GC invocations=62 (full 0):
 garbage-first heap   total 193536K, used 154402K [0x00000000c0000000, 0x0000000100000000)
  region size 1024K, 87 young (89088K), 7 survivors (7168K)
 Metaspace       used 25620K, committed 26368K, reserved 1114112K
  class space    used 2556K, committed 2880K, reserved 1048576K
}
Event: 90.792 GC heap after
{Heap after GC invocations=63 (full 0):
 garbage-first heap   total 193536K, used 72856K [0x00000000c0000000, 0x0000000100000000)
  region size 1024K, 4 young (4096K), 4 survivors (4096K)
 Metaspace       used 25620K, committed 26368K, reserved 1114112K
  class space    used 2556K, committed 2880K, reserved 1048576K
}
Event: 107.152 GC heap before
{Heap before GC invocations=63 (full 0):
 garbage-first heap   total 193536K, used 157848K [0x00000000c0000000, 0x0000000100000000)
  region size 1024K, 87 young (89088K), 4 survivors (4096K)
 Metaspace       used 25629K, committed 26368K, reserved 1114112K
  class space    used 2556K, committed 2880K, reserved 1048576K
}
Event: 107.156 GC heap after
{Heap after GC invocations=64 (full 0):
 garbage-first heap   total 193536K, used 72671K [0x00000000c0000000, 0x0000000100000000)
  region size 1024K, 4 young (4096K), 4 survivors (4096K)
 Metaspace       used 25629K, committed 26368K, reserved 1114112K
  class space    used 2556K, committed 2880K, reserved 1048576K
}
Event: 109.679 GC heap before
{Heap before GC invocations=64 (full 0):
 garbage-first heap   total 193536K, used 159711K [0x00000000c0000000, 0x0000000100000000)
  region size 1024K, 90 young (92160K), 4 survivors (4096K)
 Metaspace       used 26185K, committed 26816K, reserved 1114112K
  class space    used 2610K, committed 2880K, reserved 1048576K
}
Event: 109.735 GC heap after
{Heap after GC invocations=65 (full 0):
 garbage-first heap   total 194560K, used 101952K [0x00000000c0000000, 0x0000000100000000)
  region size 1024K, 12 young (12288K), 12 survivors (12288K)
 Metaspace       used 26185K, committed 26816K, reserved 1114112K
  class space    used 2610K, committed 2880K, reserved 1048576K
}
Event: 114.655 GC heap before
{Heap before GC invocations=65 (full 0):
 garbage-first heap   total 194560K, used 134720K [0x00000000c0000000, 0x0000000100000000)
  region size 1024K, 46 young (47104K), 12 survivors (12288K)
 Metaspace       used 26439K, committed 27072K, reserved 1114112K
  class space    used 2619K, committed 2880K, reserved 1048576K
}
Event: 114.674 GC heap after
{Heap after GC invocations=66 (full 0):
 garbage-first heap   total 194560K, used 101735K [0x00000000c0000000, 0x0000000100000000)
  region size 1024K, 2 young (2048K), 2 survivors (2048K)
 Metaspace       used 26439K, committed 27072K, reserved 1114112K
  class space    used 2619K, committed 2880K, reserved 1048576K
}
Event: 121.786 GC heap before
{Heap before GC invocations=67 (full 0):
 garbage-first heap   total 194560K, used 145767K [0x00000000c0000000, 0x0000000100000000)
  region size 1024K, 50 young (51200K), 2 survivors (2048K)
 Metaspace       used 27112K, committed 27904K, reserved 1114112K
  class space    used 2667K, committed 3008K, reserved 1048576K
}
Event: 121.793 GC heap after
{Heap after GC invocations=68 (full 0):
 garbage-first heap   total 194560K, used 90824K [0x00000000c0000000, 0x0000000100000000)
  region size 1024K, 4 young (4096K), 4 survivors (4096K)
 Metaspace       used 27112K, committed 27904K, reserved 1114112K
  class space    used 2667K, committed 3008K, reserved 1048576K
}
Event: 122.997 GC heap before
{Heap before GC invocations=68 (full 0):
 garbage-first heap   total 194560K, used 95944K [0x00000000c0000000, 0x0000000100000000)
  region size 1024K, 9 young (9216K), 4 survivors (4096K)
 Metaspace       used 27112K, committed 27904K, reserved 1114112K
  class space    used 2667K, committed 3008K, reserved 1048576K
}
Event: 123.007 GC heap after
{Heap after GC invocations=69 (full 0):
 garbage-first heap   total 194560K, used 74143K [0x00000000c0000000, 0x0000000100000000)
  region size 1024K, 1 young (1024K), 1 survivors (1024K)
 Metaspace       used 27112K, committed 27904K, reserved 1114112K
  class space    used 2667K, committed 3008K, reserved 1048576K
}
Event: 125.300 GC heap before
{Heap before GC invocations=69 (full 0):
 garbage-first heap   total 194560K, used 82335K [0x00000000c0000000, 0x0000000100000000)
  region size 1024K, 9 young (9216K), 1 survivors (1024K)
 Metaspace       used 27114K, committed 27904K, reserved 1114112K
  class space    used 2667K, committed 3008K, reserved 1048576K
}
Event: 125.314 GC heap after
{Heap after GC invocations=70 (full 0):
 garbage-first heap   total 194560K, used 62710K [0x00000000c0000000, 0x0000000100000000)
  region size 1024K, 1 young (1024K), 1 survivors (1024K)
 Metaspace       used 27114K, committed 27904K, reserved 1114112K
  class space    used 2667K, committed 3008K, reserved 1048576K
}
Event: 140.570 GC heap before
{Heap before GC invocations=70 (full 0):
 garbage-first heap   total 194560K, used 146678K [0x00000000c0000000, 0x0000000100000000)
  region size 1024K, 84 young (86016K), 1 survivors (1024K)
 Metaspace       used 27579K, committed 28352K, reserved 1114112K
  class space    used 2719K, committed 3072K, reserved 1048576K
}
Event: 140.573 GC heap after
{Heap after GC invocations=71 (full 0):
 garbage-first heap   total 194560K, used 64026K [0x00000000c0000000, 0x0000000100000000)
  region size 1024K, 2 young (2048K), 2 survivors (2048K)
 Metaspace       used 27579K, committed 28352K, reserved 1114112K
  class space    used 2719K, committed 3072K, reserved 1048576K
}

