# JRE version: OpenJDK Runtime Environment Temurin-19.0.2+7 (19.0.2+7) (build 19.0.2+7)
# Java VM: OpenJDK 64-Bit Server VM Temurin-19.0.2+7 (19.0.2+7, mixed mode, sharing, tiered, compressed oops, compressed class ptrs, g1 gc, windows-amd64)
GC Precious Log:
 CardTable entry size: 512
 Card Set container configuration: InlinePtr #cards 5 size 8 Array Of Cards #cards 12 size 40 Howl #buckets 4 coarsen threshold 1843 Howl Bitmap #cards 512 size 80 coarsen threshold 460 Card regions per heap region 1 cards per card region 2048
 CPUs: 8 total, 8 available
 Memory: 7502M
 Large Page Support: Disabled
 NUMA Support: Disabled
 Compressed Oops: Enabled (32-bit)
 Heap Region Size: 1M
 Heap Min Capacity: 8M
 Heap Initial Capacity: 118M
 Heap Max Capacity: 1G
 Pre-touch: Disabled
 Parallel Workers: 8
 Concurrent Workers: 2
 Concurrent Refinement Workers: 8
 Periodic GC: Disabled
 String Deduplication is enabled
Heap:
 garbage-first heap   total 171008K, used 109146K [0x00000000c0000000, 0x0000000100000000)
  region size 1024K, 24 young (24576K), 6 survivors (6144K)
 Metaspace       used 26566K, committed 27392K, reserved 1114112K
  class space    used 2654K, committed 3008K, reserved 1048576K
GC Heap History (20 events):
Event: 3.948 GC heap before
{Heap before GC invocations=20 (full 0):
 garbage-first heap   total 434176K, used 191544K [0x00000000c0000000, 0x0000000100000000)
  region size 1024K, 2 young (2048K), 1 survivors (1024K)
 Metaspace       used 12843K, committed 13312K, reserved 1114112K
  class space    used 1281K, committed 1472K, reserved 1048576K
}
Event: 3.949 GC heap after
{Heap after GC invocations=21 (full 0):
 garbage-first heap   total 434176K, used 13366K [0x00000000c0000000, 0x0000000100000000)
  region size 1024K, 1 young (1024K), 1 survivors (1024K)
 Metaspace       used 12843K, committed 13312K, reserved 1114112K
  class space    used 1281K, committed 1472K, reserved 1048576K
}
Event: 16.837 GC heap before
{Heap before GC invocations=21 (full 0):
 garbage-first heap   total 434176K, used 338998K [0x00000000c0000000, 0x0000000100000000)
  region size 1024K, 254 young (260096K), 1 survivors (1024K)
 Metaspace       used 20585K, committed 21248K, reserved 1114112K
  class space    used 2136K, committed 2432K, reserved 1048576K
}
Event: 16.863 GC heap after
{Heap after GC invocations=22 (full 0):
 garbage-first heap   total 434176K, used 37982K [0x00000000c0000000, 0x0000000100000000)
  region size 1024K, 31 young (31744K), 31 survivors (31744K)
 Metaspace       used 20585K, committed 21248K, reserved 1114112K
  class space    used 2136K, committed 2432K, reserved 1048576K
}
Event: 20.340 GC heap before
{Heap before GC invocations=22 (full 0):
 garbage-first heap   total 434176K, used 73822K [0x00000000c0000000, 0x0000000100000000)
  region size 1024K, 67 young (68608K), 31 survivors (31744K)
 Metaspace       used 20801K, committed 21504K, reserved 1114112K
  class space    used 2164K, committed 2496K, reserved 1048576K
}
Event: 20.369 GC heap after
{Heap after GC invocations=23 (full 0):
 garbage-first heap   total 434176K, used 41381K [0x00000000c0000000, 0x0000000100000000)
  region size 1024K, 8 young (8192K), 8 survivors (8192K)
 Metaspace       used 20801K, committed 21504K, reserved 1114112K
  class space    used 2164K, committed 2496K, reserved 1048576K
}
Event: 23.194 GC heap before
{Heap before GC invocations=24 (full 0):
 garbage-first heap   total 171008K, used 70053K [0x00000000c0000000, 0x0000000100000000)
  region size 1024K, 37 young (37888K), 8 survivors (8192K)
 Metaspace       used 20812K, committed 21568K, reserved 1114112K
  class space    used 2164K, committed 2496K, reserved 1048576K
}
Event: 23.207 GC heap after
{Heap after GC invocations=25 (full 0):
 garbage-first heap   total 171008K, used 45937K [0x00000000c0000000, 0x0000000100000000)
  region size 1024K, 5 young (5120K), 5 survivors (5120K)
 Metaspace       used 20812K, committed 21568K, reserved 1114112K
  class space    used 2164K, committed 2496K, reserved 1048576K
}
Event: 23.684 GC heap before
{Heap before GC invocations=25 (full 0):
 garbage-first heap   total 171008K, used 49009K [0x00000000c0000000, 0x0000000100000000)
  region size 1024K, 8 young (8192K), 5 survivors (5120K)
 Metaspace       used 20812K, committed 21568K, reserved 1114112K
  class space    used 2164K, committed 2496K, reserved 1048576K
}
Event: 23.690 GC heap after
{Heap after GC invocations=26 (full 0):
 garbage-first heap   total 171008K, used 46770K [0x00000000c0000000, 0x0000000100000000)
  region size 1024K, 1 young (1024K), 1 survivors (1024K)
 Metaspace       used 20812K, committed 21568K, reserved 1114112K
  class space    used 2164K, committed 2496K, reserved 1048576K
}
Event: 33.086 GC heap before
{Heap before GC invocations=26 (full 0):
 garbage-first heap   total 171008K, used 124594K [0x00000000c0000000, 0x0000000100000000)
  region size 1024K, 78 young (79872K), 1 survivors (1024K)
 Metaspace       used 20812K, committed 21568K, reserved 1114112K
  class space    used 2164K, committed 2496K, reserved 1048576K
}
Event: 33.096 GC heap after
{Heap after GC invocations=27 (full 0):
 garbage-first heap   total 171008K, used 49111K [0x00000000c0000000, 0x0000000100000000)
  region size 1024K, 4 young (4096K), 4 survivors (4096K)
 Metaspace       used 20812K, committed 21568K, reserved 1114112K
  class space    used 2164K, committed 2496K, reserved 1048576K
}
Event: 46.453 GC heap before
{Heap before GC invocations=27 (full 0):
 garbage-first heap   total 171008K, used 130007K [0x00000000c0000000, 0x0000000100000000)
  region size 1024K, 83 young (84992K), 4 survivors (4096K)
 Metaspace       used 21139K, committed 21888K, reserved 1114112K
  class space    used 2202K, committed 2560K, reserved 1048576K
}
Event: 46.456 GC heap after
{Heap after GC invocations=28 (full 0):
 garbage-first heap   total 171008K, used 47266K [0x00000000c0000000, 0x0000000100000000)
  region size 1024K, 2 young (2048K), 2 survivors (2048K)
 Metaspace       used 21139K, committed 21888K, reserved 1114112K
  class space    used 2202K, committed 2560K, reserved 1048576K
}
Event: 50.855 GC heap before
{Heap before GC invocations=28 (full 0):
 garbage-first heap   total 171008K, used 133282K [0x00000000c0000000, 0x0000000100000000)
  region size 1024K, 87 young (89088K), 2 survivors (2048K)
 Metaspace       used 24529K, committed 25344K, reserved 1114112K
  class space    used 2464K, committed 2816K, reserved 1048576K
}
Event: 50.891 GC heap after
{Heap after GC invocations=29 (full 0):
 garbage-first heap   total 171008K, used 68825K [0x00000000c0000000, 0x0000000100000000)
  region size 1024K, 11 young (11264K), 11 survivors (11264K)
 Metaspace       used 24529K, committed 25344K, reserved 1114112K
  class space    used 2464K, committed 2816K, reserved 1048576K
}
Event: 51.682 GC heap before
{Heap before GC invocations=29 (full 0):
 garbage-first heap   total 171008K, used 125145K [0x00000000c0000000, 0x0000000100000000)
  region size 1024K, 67 young (68608K), 11 survivors (11264K)
 Metaspace       used 25263K, committed 26048K, reserved 1114112K
  class space    used 2541K, committed 2880K, reserved 1048576K
}
Event: 51.707 GC heap after
{Heap after GC invocations=30 (full 0):
 garbage-first heap   total 171008K, used 88064K [0x00000000c0000000, 0x0000000100000000)
  region size 1024K, 9 young (9216K), 9 survivors (9216K)
 Metaspace       used 25263K, committed 26048K, reserved 1114112K
  class space    used 2541K, committed 2880K, reserved 1048576K
}
Event: 52.670 GC heap before
{Heap before GC invocations=30 (full 0):
 garbage-first heap   total 171008K, used 124928K [0x00000000c0000000, 0x0000000100000000)
  region size 1024K, 46 young (47104K), 9 survivors (9216K)
 Metaspace       used 26260K, committed 27072K, reserved 1114112K
  class space    used 2620K, committed 2944K, reserved 1048576K
}
Event: 52.686 GC heap after
{Heap after GC invocations=31 (full 0):
 garbage-first heap   total 171008K, used 95834K [0x00000000c0000000, 0x0000000100000000)
  region size 1024K, 6 young (6144K), 6 survivors (6144K)
 Metaspace       used 26260K, committed 27072K, reserved 1114112K
  class space    used 2620K, committed 2944K, reserved 1048576K
}

