# JRE version: OpenJDK Runtime Environment Temurin-19.0.2+7 (19.0.2+7) (build 19.0.2+7)
# Java VM: OpenJDK 64-Bit Server VM Temurin-19.0.2+7 (19.0.2+7, mixed mode, sharing, tiered, compressed oops, compressed class ptrs, g1 gc, windows-amd64)
GC Precious Log:
 CardTable entry size: 512
 Card Set container configuration: InlinePtr #cards 5 size 8 Array Of Cards #cards 12 size 40 Howl #buckets 4 coarsen threshold 1843 Howl Bitmap #cards 512 size 80 coarsen threshold 460 Card regions per heap region 1 cards per card region 2048
 CPUs: 8 total, 8 available
 Memory: 7502M
 Large Page Support: Disabled
 NUMA Support: Disabled
 Compressed Oops: Enabled (32-bit)
 Heap Region Size: 1M
 Heap Min Capacity: 8M
 Heap Initial Capacity: 118M
 Heap Max Capacity: 1G
 Pre-touch: Disabled
 Parallel Workers: 8
 Concurrent Workers: 2
 Concurrent Refinement Workers: 8
 Periodic GC: Disabled
 String Deduplication is enabled
Heap:
 garbage-first heap   total 182272K, used 113473K [0x00000000c0000000, 0x0000000100000000)
  region size 1024K, 33 young (33792K), 5 survivors (5120K)
 Metaspace       used 26981K, committed 27904K, reserved 1114112K
  class space    used 2693K, committed 3136K, reserved 1048576K
GC Heap History (20 events):
Event: 24.597 GC heap before
{Heap before GC invocations=35 (full 0):
 garbage-first heap   total 272384K, used 66026K [0x00000000c0000000, 0x0000000100000000)
  region size 1024K, 26 young (26624K), 4 survivors (4096K)
 Metaspace       used 20799K, committed 21440K, reserved 1114112K
  class space    used 2165K, committed 2496K, reserved 1048576K
}
Event: 24.605 GC heap after
{Heap after GC invocations=36 (full 0):
 garbage-first heap   total 272384K, used 47035K [0x00000000c0000000, 0x0000000100000000)
  region size 1024K, 4 young (4096K), 4 survivors (4096K)
 Metaspace       used 20799K, committed 21440K, reserved 1114112K
  class space    used 2165K, committed 2496K, reserved 1048576K
}
Event: 30.723 GC heap before
{Heap before GC invocations=36 (full 0):
 garbage-first heap   total 272384K, used 72635K [0x00000000c0000000, 0x0000000100000000)
  region size 1024K, 29 young (29696K), 4 survivors (4096K)
 Metaspace       used 20800K, committed 21440K, reserved 1114112K
  class space    used 2165K, committed 2496K, reserved 1048576K
}
Event: 30.732 GC heap after
{Heap after GC invocations=37 (full 0):
 garbage-first heap   total 272384K, used 51200K [0x00000000c0000000, 0x0000000100000000)
  region size 1024K, 4 young (4096K), 4 survivors (4096K)
 Metaspace       used 20800K, committed 21440K, reserved 1114112K
  class space    used 2165K, committed 2496K, reserved 1048576K
}
Event: 35.583 GC heap before
{Heap before GC invocations=37 (full 0):
 garbage-first heap   total 272384K, used 81920K [0x00000000c0000000, 0x0000000100000000)
  region size 1024K, 34 young (34816K), 4 survivors (4096K)
 Metaspace       used 20804K, committed 21504K, reserved 1114112K
  class space    used 2165K, committed 2496K, reserved 1048576K
}
Event: 35.597 GC heap after
{Heap after GC invocations=38 (full 0):
 garbage-first heap   total 272384K, used 55296K [0x00000000c0000000, 0x0000000100000000)
  region size 1024K, 5 young (5120K), 5 survivors (5120K)
 Metaspace       used 20804K, committed 21504K, reserved 1114112K
  class space    used 2165K, committed 2496K, reserved 1048576K
}
Event: 39.324 GC heap before
{Heap before GC invocations=38 (full 0):
 garbage-first heap   total 272384K, used 90112K [0x00000000c0000000, 0x0000000100000000)
  region size 1024K, 39 young (39936K), 5 survivors (5120K)
 Metaspace       used 20804K, committed 21504K, reserved 1114112K
  class space    used 2165K, committed 2496K, reserved 1048576K
}
Event: 39.331 GC heap after
{Heap after GC invocations=39 (full 0):
 garbage-first heap   total 272384K, used 52744K [0x00000000c0000000, 0x0000000100000000)
  region size 1024K, 2 young (2048K), 2 survivors (2048K)
 Metaspace       used 20804K, committed 21504K, reserved 1114112K
  class space    used 2165K, committed 2496K, reserved 1048576K
}
Event: 52.729 GC heap before
{Heap before GC invocations=39 (full 0):
 garbage-first heap   total 272384K, used 128520K [0x00000000c0000000, 0x0000000100000000)
  region size 1024K, 76 young (77824K), 2 survivors (2048K)
 Metaspace       used 20808K, committed 21504K, reserved 1114112K
  class space    used 2165K, committed 2496K, reserved 1048576K
}
Event: 52.744 GC heap after
{Heap after GC invocations=40 (full 0):
 garbage-first heap   total 272384K, used 55261K [0x00000000c0000000, 0x0000000100000000)
  region size 1024K, 5 young (5120K), 5 survivors (5120K)
 Metaspace       used 20808K, committed 21504K, reserved 1114112K
  class space    used 2165K, committed 2496K, reserved 1048576K
}
Event: 53.211 GC heap before
{Heap before GC invocations=40 (full 0):
 garbage-first heap   total 272384K, used 59357K [0x00000000c0000000, 0x0000000100000000)
  region size 1024K, 10 young (10240K), 5 survivors (5120K)
 Metaspace       used 20808K, committed 21504K, reserved 1114112K
  class space    used 2165K, committed 2496K, reserved 1048576K
}
Event: 53.218 GC heap after
{Heap after GC invocations=41 (full 0):
 garbage-first heap   total 272384K, used 53397K [0x00000000c0000000, 0x0000000100000000)
  region size 1024K, 3 young (3072K), 3 survivors (3072K)
 Metaspace       used 20808K, committed 21504K, reserved 1114112K
  class space    used 2165K, committed 2496K, reserved 1048576K
}
Event: 60.125 GC heap before
{Heap before GC invocations=42 (full 0):
 garbage-first heap   total 181248K, used 156821K [0x00000000c0000000, 0x0000000100000000)
  region size 1024K, 106 young (108544K), 3 survivors (3072K)
 Metaspace       used 24595K, committed 25344K, reserved 1114112K
  class space    used 2480K, committed 2880K, reserved 1048576K
}
Event: 60.167 GC heap after
{Heap after GC invocations=43 (full 0):
 garbage-first heap   total 182272K, used 72944K [0x00000000c0000000, 0x0000000100000000)
  region size 1024K, 14 young (14336K), 14 survivors (14336K)
 Metaspace       used 24595K, committed 25344K, reserved 1114112K
  class space    used 2480K, committed 2880K, reserved 1048576K
}
Event: 60.188 GC heap before
{Heap before GC invocations=43 (full 0):
 garbage-first heap   total 182272K, used 73968K [0x00000000c0000000, 0x0000000100000000)
  region size 1024K, 15 young (15360K), 14 survivors (14336K)
 Metaspace       used 24595K, committed 25344K, reserved 1114112K
  class space    used 2480K, committed 2880K, reserved 1048576K
}
Event: 60.201 GC heap after
{Heap after GC invocations=44 (full 0):
 garbage-first heap   total 182272K, used 60012K [0x00000000c0000000, 0x0000000100000000)
  region size 1024K, 1 young (1024K), 1 survivors (1024K)
 Metaspace       used 24595K, committed 25344K, reserved 1114112K
  class space    used 2480K, committed 2880K, reserved 1048576K
}
Event: 62.198 GC heap before
{Heap before GC invocations=44 (full 0):
 garbage-first heap   total 182272K, used 127596K [0x00000000c0000000, 0x0000000100000000)
  region size 1024K, 68 young (69632K), 1 survivors (1024K)
 Metaspace       used 25729K, committed 26496K, reserved 1114112K
  class space    used 2589K, committed 2944K, reserved 1048576K
}
Event: 62.228 GC heap after
{Heap after GC invocations=45 (full 0):
 garbage-first heap   total 182272K, used 80030K [0x00000000c0000000, 0x0000000100000000)
  region size 1024K, 9 young (9216K), 9 survivors (9216K)
 Metaspace       used 25729K, committed 26496K, reserved 1114112K
  class space    used 2589K, committed 2944K, reserved 1048576K
}
Event: 65.065 GC heap before
{Heap before GC invocations=45 (full 0):
 garbage-first heap   total 182272K, used 129182K [0x00000000c0000000, 0x0000000100000000)
  region size 1024K, 58 young (59392K), 9 survivors (9216K)
 Metaspace       used 26838K, committed 27648K, reserved 1114112K
  class space    used 2684K, committed 3072K, reserved 1048576K
}
Event: 65.083 GC heap after
{Heap after GC invocations=46 (full 0):
 garbage-first heap   total 182272K, used 85825K [0x00000000c0000000, 0x0000000100000000)
  region size 1024K, 5 young (5120K), 5 survivors (5120K)
 Metaspace       used 26838K, committed 27648K, reserved 1114112K
  class space    used 2684K, committed 3072K, reserved 1048576K
}

