# JRE version: OpenJDK Runtime Environment Temurin-19.0.2+7 (19.0.2+7) (build 19.0.2+7)
# Java VM: OpenJDK 64-Bit Server VM Temurin-19.0.2+7 (19.0.2+7, mixed mode, sharing, tiered, compressed oops, compressed class ptrs, g1 gc, windows-amd64)
GC Precious Log:
 CardTable entry size: 512
 Card Set container configuration: InlinePtr #cards 5 size 8 Array Of Cards #cards 12 size 40 Howl #buckets 4 coarsen threshold 1843 Howl Bitmap #cards 512 size 80 coarsen threshold 460 Card regions per heap region 1 cards per card region 2048
 CPUs: 8 total, 8 available
 Memory: 7502M
 Large Page Support: Disabled
 NUMA Support: Disabled
 Compressed Oops: Enabled (32-bit)
 Heap Region Size: 1M
 Heap Min Capacity: 8M
 Heap Initial Capacity: 118M
 Heap Max Capacity: 1G
 Pre-touch: Disabled
 Parallel Workers: 8
 Concurrent Workers: 2
 Concurrent Refinement Workers: 8
 Periodic GC: Disabled
 String Deduplication is enabled
Heap:
 garbage-first heap   total 150528K, used 90426K [0x00000000c0000000, 0x0000000100000000)
  region size 1024K, 41 young (41984K), 7 survivors (7168K)
 Metaspace       used 21238K, committed 22016K, reserved 1114112K
  class space    used 2215K, committed 2560K, reserved 1048576K
GC Heap History (20 events):
Event: 4.086 GC heap before
{Heap before GC invocations=21 (full 0):
 garbage-first heap   total 395264K, used 173129K [0x00000000c0000000, 0x0000000100000000)
  region size 1024K, 2 young (2048K), 1 survivors (1024K)
 Metaspace       used 12857K, committed 13312K, reserved 1114112K
  class space    used 1281K, committed 1472K, reserved 1048576K
}
Event: 4.088 GC heap after
{Heap after GC invocations=22 (full 0):
 garbage-first heap   total 395264K, used 13385K [0x00000000c0000000, 0x0000000100000000)
  region size 1024K, 1 young (1024K), 1 survivors (1024K)
 Metaspace       used 12857K, committed 13312K, reserved 1114112K
  class space    used 1281K, committed 1472K, reserved 1048576K
}
Event: 4.170 GC heap before
{Heap before GC invocations=22 (full 0):
 garbage-first heap   total 395264K, used 173129K [0x00000000c0000000, 0x0000000100000000)
  region size 1024K, 2 young (2048K), 1 survivors (1024K)
 Metaspace       used 12857K, committed 13312K, reserved 1114112K
  class space    used 1281K, committed 1472K, reserved 1048576K
}
Event: 4.172 GC heap after
{Heap after GC invocations=23 (full 0):
 garbage-first heap   total 395264K, used 13385K [0x00000000c0000000, 0x0000000100000000)
  region size 1024K, 1 young (1024K), 1 survivors (1024K)
 Metaspace       used 12857K, committed 13312K, reserved 1114112K
  class space    used 1281K, committed 1472K, reserved 1048576K
}
Event: 13.055 GC heap before
{Heap before GC invocations=23 (full 0):
 garbage-first heap   total 395264K, used 266313K [0x00000000c0000000, 0x0000000100000000)
  region size 1024K, 231 young (236544K), 1 survivors (1024K)
 Metaspace       used 20593K, committed 21184K, reserved 1114112K
  class space    used 2136K, committed 2368K, reserved 1048576K
}
Event: 13.096 GC heap after
{Heap after GC invocations=24 (full 0):
 garbage-first heap   total 395264K, used 36812K [0x00000000c0000000, 0x0000000100000000)
  region size 1024K, 29 young (29696K), 29 survivors (29696K)
 Metaspace       used 20593K, committed 21184K, reserved 1114112K
  class space    used 2136K, committed 2368K, reserved 1048576K
}
Event: 16.609 GC heap before
{Heap before GC invocations=24 (full 0):
 garbage-first heap   total 395264K, used 71628K [0x00000000c0000000, 0x0000000100000000)
  region size 1024K, 63 young (64512K), 29 survivors (29696K)
 Metaspace       used 20599K, committed 21184K, reserved 1114112K
  class space    used 2136K, committed 2368K, reserved 1048576K
}
Event: 16.636 GC heap after
{Heap after GC invocations=25 (full 0):
 garbage-first heap   total 395264K, used 40521K [0x00000000c0000000, 0x0000000100000000)
  region size 1024K, 8 young (8192K), 8 survivors (8192K)
 Metaspace       used 20599K, committed 21184K, reserved 1114112K
  class space    used 2136K, committed 2368K, reserved 1048576K
}
Event: 17.780 GC heap before
{Heap before GC invocations=25 (full 0):
 garbage-first heap   total 395264K, used 50761K [0x00000000c0000000, 0x0000000100000000)
  region size 1024K, 19 young (19456K), 8 survivors (8192K)
 Metaspace       used 20803K, committed 21504K, reserved 1114112K
  class space    used 2164K, committed 2496K, reserved 1048576K
}
Event: 17.794 GC heap after
{Heap after GC invocations=26 (full 0):
 garbage-first heap   total 395264K, used 41883K [0x00000000c0000000, 0x0000000100000000)
  region size 1024K, 3 young (3072K), 3 survivors (3072K)
 Metaspace       used 20803K, committed 21504K, reserved 1114112K
  class space    used 2164K, committed 2496K, reserved 1048576K
}
Event: 18.073 GC heap before
{Heap before GC invocations=26 (full 0):
 garbage-first heap   total 395264K, used 44955K [0x00000000c0000000, 0x0000000100000000)
  region size 1024K, 7 young (7168K), 3 survivors (3072K)
 Metaspace       used 20805K, committed 21504K, reserved 1114112K
  class space    used 2164K, committed 2496K, reserved 1048576K
}
Event: 18.081 GC heap after
{Heap after GC invocations=27 (full 0):
 garbage-first heap   total 395264K, used 41507K [0x00000000c0000000, 0x0000000100000000)
  region size 1024K, 3 young (3072K), 3 survivors (3072K)
 Metaspace       used 20805K, committed 21504K, reserved 1114112K
  class space    used 2164K, committed 2496K, reserved 1048576K
}
Event: 23.472 GC heap before
{Heap before GC invocations=28 (full 0):
 garbage-first heap   total 150528K, used 100899K [0x00000000c0000000, 0x0000000100000000)
  region size 1024K, 62 young (63488K), 3 survivors (3072K)
 Metaspace       used 20825K, committed 21568K, reserved 1114112K
  class space    used 2164K, committed 2496K, reserved 1048576K
}
Event: 23.488 GC heap after
{Heap after GC invocations=29 (full 0):
 garbage-first heap   total 150528K, used 51874K [0x00000000c0000000, 0x0000000100000000)
  region size 1024K, 8 young (8192K), 8 survivors (8192K)
 Metaspace       used 20825K, committed 21568K, reserved 1114112K
  class space    used 2164K, committed 2496K, reserved 1048576K
}
Event: 23.645 GC heap before
{Heap before GC invocations=29 (full 0):
 garbage-first heap   total 150528K, used 52898K [0x00000000c0000000, 0x0000000100000000)
  region size 1024K, 9 young (9216K), 8 survivors (8192K)
 Metaspace       used 20825K, committed 21568K, reserved 1114112K
  class space    used 2164K, committed 2496K, reserved 1048576K
}
Event: 23.657 GC heap after
{Heap after GC invocations=30 (full 0):
 garbage-first heap   total 150528K, used 50748K [0x00000000c0000000, 0x0000000100000000)
  region size 1024K, 2 young (2048K), 2 survivors (2048K)
 Metaspace       used 20825K, committed 21568K, reserved 1114112K
  class space    used 2164K, committed 2496K, reserved 1048576K
}
Event: 36.218 GC heap before
{Heap before GC invocations=30 (full 0):
 garbage-first heap   total 150528K, used 107068K [0x00000000c0000000, 0x0000000100000000)
  region size 1024K, 58 young (59392K), 2 survivors (2048K)
 Metaspace       used 20829K, committed 21568K, reserved 1114112K
  class space    used 2164K, committed 2496K, reserved 1048576K
}
Event: 36.226 GC heap after
{Heap after GC invocations=31 (full 0):
 garbage-first heap   total 150528K, used 52509K [0x00000000c0000000, 0x0000000100000000)
  region size 1024K, 3 young (3072K), 3 survivors (3072K)
 Metaspace       used 20829K, committed 21568K, reserved 1114112K
  class space    used 2164K, committed 2496K, reserved 1048576K
}
Event: 45.527 GC heap before
{Heap before GC invocations=31 (full 0):
 garbage-first heap   total 150528K, used 111901K [0x00000000c0000000, 0x0000000100000000)
  region size 1024K, 61 young (62464K), 3 survivors (3072K)
 Metaspace       used 20830K, committed 21568K, reserved 1114112K
  class space    used 2164K, committed 2496K, reserved 1048576K
}
Event: 45.534 GC heap after
{Heap after GC invocations=32 (full 0):
 garbage-first heap   total 150528K, used 56634K [0x00000000c0000000, 0x0000000100000000)
  region size 1024K, 7 young (7168K), 7 survivors (7168K)
 Metaspace       used 20830K, committed 21568K, reserved 1114112K
  class space    used 2164K, committed 2496K, reserved 1048576K
}

